[INFO ] 2020-11-20 18:24:17.000 [main] ControllerTest - Starting ControllerTest on LAPTOP-QIN81B4G with PID 18212 (started by RaghavG2213 in C:\Users\RaghavG2213\Downloads\DeliveryMomentRequestHandler)
[INFO ] 2020-11-20 18:24:17.040 [main] ControllerTest - No active profile set, falling back to default profiles: default
[INFO ] 2020-11-20 18:24:30.089 [main] ControllerTest - Started ControllerTest in 13.745 seconds (JVM running for 19.018)
[INFO ] 2020-11-20 18:24:30.898 [main] Controller - Get by id: 
[INFO ] 2020-11-20 18:24:31.301 [main] ServiceTest - Starting ServiceTest on LAPTOP-QIN81B4G with PID 18212 (started by RaghavG2213 in C:\Users\RaghavG2213\Downloads\DeliveryMomentRequestHandler)
[INFO ] 2020-11-20 18:24:31.308 [main] ServiceTest - No active profile set, falling back to default profiles: default
[INFO ] 2020-11-20 18:24:35.433 [main] ServiceTest - Started ServiceTest in 4.214 seconds (JVM running for 24.364)
[INFO ] 2020-11-20 18:24:35.471 [main] Service - Before Cast
[INFO ] 2020-11-20 18:24:35.591 [main] ContractVerifierTest - Starting ContractVerifierTest on LAPTOP-QIN81B4G with PID 18212 (started by RaghavG2213 in C:\Users\RaghavG2213\Downloads\DeliveryMomentRequestHandler)
[INFO ] 2020-11-20 18:24:35.596 [main] ContractVerifierTest - No active profile set, falling back to default profiles: default
[INFO ] 2020-11-20 18:24:39.493 [main] ContractVerifierTest - Started ContractVerifierTest in 3.967 seconds (JVM running for 28.423)
[INFO ] 2020-11-20 18:24:40.390 [main] ServiceKotlinTemplateApplicationTests - Starting ServiceKotlinTemplateApplicationTests on LAPTOP-QIN81B4G with PID 18212 (started by RaghavG2213 in C:\Users\RaghavG2213\Downloads\DeliveryMomentRequestHandler)
[INFO ] 2020-11-20 18:24:40.395 [main] ServiceKotlinTemplateApplicationTests - No active profile set, falling back to default profiles: default
[INFO ] 2020-11-20 18:24:44.121 [main] ServiceKotlinTemplateApplicationTests - Started ServiceKotlinTemplateApplicationTests in 3.787 seconds (JVM running for 33.051)
[INFO ] 2020-11-20 19:26:18.955 [main] ServiceKotlinTemplateApplicationKt - Starting ServiceKotlinTemplateApplicationKt on LAPTOP-QIN81B4G with PID 21188 (C:\Users\RaghavG2213\Downloads\DeliveryMomentRequestHandler\target\classes started by RaghavG2213 in C:\Users\RaghavG2213\Downloads\DeliveryMomentRequestHandler)
[INFO ] 2020-11-20 19:26:19.004 [main] ServiceKotlinTemplateApplicationKt - No active profile set, falling back to default profiles: default
[INFO ] 2020-11-20 19:26:26.747 [main] ServiceKotlinTemplateApplicationKt - Started ServiceKotlinTemplateApplicationKt in 8.62 seconds (JVM running for 11.889)
[INFO ] 2020-11-20 19:26:54.467 [http-nio-8080-exec-2] Controller - Get All
[INFO ] 2020-11-20 19:27:08.881 [http-nio-8080-exec-3] Controller - Get All
[INFO ] 2020-11-20 19:37:33.686 [main] ServiceKotlinTemplateApplicationKt - Starting ServiceKotlinTemplateApplicationKt on LAPTOP-QIN81B4G with PID 10896 (C:\Users\RaghavG2213\Downloads\DeliveryMomentRequestHandler\target\classes started by RaghavG2213 in C:\Users\RaghavG2213\Downloads\DeliveryMomentRequestHandler)
[INFO ] 2020-11-20 19:37:33.722 [main] ServiceKotlinTemplateApplicationKt - No active profile set, falling back to default profiles: default
[INFO ] 2020-11-20 19:37:41.009 [main] ServiceKotlinTemplateApplicationKt - Started ServiceKotlinTemplateApplicationKt in 8.144 seconds (JVM running for 11.198)
[INFO ] 2020-11-20 19:37:48.886 [http-nio-8080-exec-2] Controller - Get All
[INFO ] 2020-11-20 19:38:06.438 [http-nio-8080-exec-3] Controller - Get All
[INFO ] 2020-11-20 19:43:37.279 [main] ServiceKotlinTemplateApplicationKt - Starting ServiceKotlinTemplateApplicationKt on LAPTOP-QIN81B4G with PID 11152 (C:\Users\RaghavG2213\Downloads\DeliveryMomentRequestHandler\target\classes started by RaghavG2213 in C:\Users\RaghavG2213\Downloads\DeliveryMomentRequestHandler)
[INFO ] 2020-11-20 19:43:37.310 [main] ServiceKotlinTemplateApplicationKt - No active profile set, falling back to default profiles: default
[INFO ] 2020-11-20 19:43:44.278 [main] ServiceKotlinTemplateApplicationKt - Started ServiceKotlinTemplateApplicationKt in 7.777 seconds (JVM running for 10.708)
[INFO ] 2020-11-20 19:43:48.890 [http-nio-8080-exec-2] Controller - Get All
[INFO ] 2020-11-20 19:44:57.436 [http-nio-8080-exec-5] Controller - Get All
[INFO ] 2020-11-20 19:56:49.307 [main] ServiceKotlinTemplateApplicationKt - Starting ServiceKotlinTemplateApplicationKt on LAPTOP-QIN81B4G with PID 11416 (C:\Users\RaghavG2213\Downloads\DeliveryMomentRequestHandler\target\classes started by RaghavG2213 in C:\Users\RaghavG2213\Downloads\DeliveryMomentRequestHandler)
[INFO ] 2020-11-20 19:56:49.339 [main] ServiceKotlinTemplateApplicationKt - No active profile set, falling back to default profiles: default
[INFO ] 2020-11-20 19:56:56.669 [main] ServiceKotlinTemplateApplicationKt - Started ServiceKotlinTemplateApplicationKt in 8.163 seconds (JVM running for 11.23)
[INFO ] 2020-11-20 19:58:39.514 [main] ServiceKotlinTemplateApplicationKt - Starting ServiceKotlinTemplateApplicationKt on LAPTOP-QIN81B4G with PID 9852 (C:\Users\RaghavG2213\Downloads\DeliveryMomentRequestHandler\target\classes started by RaghavG2213 in C:\Users\RaghavG2213\Downloads\DeliveryMomentRequestHandler)
[INFO ] 2020-11-20 19:58:39.558 [main] ServiceKotlinTemplateApplicationKt - No active profile set, falling back to default profiles: default
[INFO ] 2020-11-20 19:58:46.558 [main] ServiceKotlinTemplateApplicationKt - Started ServiceKotlinTemplateApplicationKt in 7.862 seconds (JVM running for 11.101)
[INFO ] 2020-11-20 20:01:02.739 [main] ServiceKotlinTemplateApplicationKt - Starting ServiceKotlinTemplateApplicationKt on LAPTOP-QIN81B4G with PID 20048 (C:\Users\RaghavG2213\Downloads\DeliveryMomentRequestHandler\target\classes started by RaghavG2213 in C:\Users\RaghavG2213\Downloads\DeliveryMomentRequestHandler)
[INFO ] 2020-11-20 20:01:02.779 [main] ServiceKotlinTemplateApplicationKt - No active profile set, falling back to default profiles: default
[INFO ] 2020-11-20 20:01:09.885 [main] ServiceKotlinTemplateApplicationKt - Started ServiceKotlinTemplateApplicationKt in 7.92 seconds (JVM running for 11.344)
[INFO ] 2020-11-20 20:02:47.310 [main] ServiceKotlinTemplateApplicationKt - Starting ServiceKotlinTemplateApplicationKt on LAPTOP-QIN81B4G with PID 17684 (C:\Users\RaghavG2213\Downloads\DeliveryMomentRequestHandler\target\classes started by RaghavG2213 in C:\Users\RaghavG2213\Downloads\DeliveryMomentRequestHandler)
[INFO ] 2020-11-20 20:02:47.355 [main] ServiceKotlinTemplateApplicationKt - No active profile set, falling back to default profiles: default
[INFO ] 2020-11-20 20:02:54.793 [main] ServiceKotlinTemplateApplicationKt - Started ServiceKotlinTemplateApplicationKt in 8.404 seconds (JVM running for 11.575)
[INFO ] 2020-11-20 20:05:04.386 [main] ServiceKotlinTemplateApplicationKt - Starting ServiceKotlinTemplateApplicationKt on LAPTOP-QIN81B4G with PID 14288 (C:\Users\RaghavG2213\Downloads\DeliveryMomentRequestHandler\target\classes started by RaghavG2213 in C:\Users\RaghavG2213\Downloads\DeliveryMomentRequestHandler)
[INFO ] 2020-11-20 20:05:04.420 [main] ServiceKotlinTemplateApplicationKt - No active profile set, falling back to default profiles: default
[INFO ] 2020-11-20 20:05:11.766 [main] ServiceKotlinTemplateApplicationKt - Started ServiceKotlinTemplateApplicationKt in 8.065 seconds (JVM running for 11.271)
